[0.042s] Invoking command in '/home/morlab/dev_ws/src/arty_bot/build/my_bot': CMAKE_PREFIX_PATH=${CMAKE_PREFIX_PATH}:/home/morlab/ros2_ws/install/my_py_pkg:/opt/ros/humble /usr/bin/cmake /home/morlab/dev_ws/src/arty_bot -DCMAKE_INSTALL_PREFIX=/home/morlab/dev_ws/src/arty_bot/install/my_bot
[0.318s] -- The C compiler identification is GNU 11.4.0
[0.575s] -- The CXX compiler identification is GNU 11.4.0
[0.590s] -- Detecting C compiler ABI info
[0.733s] -- Detecting C compiler ABI info - done
[0.743s] -- Check for working C compiler: /usr/bin/cc - skipped
[0.754s] -- Detecting C compile features
[0.755s] -- Detecting C compile features - done
[0.762s] -- Detecting CXX compiler ABI info
[0.910s] -- Detecting CXX compiler ABI info - done
[0.917s] -- Check for working CXX compiler: /usr/bin/c++ - skipped
[0.918s] -- Detecting CXX compile features
[0.918s] -- Detecting CXX compile features - done
[0.932s] -- Found ament_cmake: 1.3.11 (/opt/ros/humble/share/ament_cmake/cmake)
[1.112s] -- Found Python3: /usr/bin/python3 (found version "3.10.12") found components: Interpreter 
[1.214s] -- Found ament_lint_auto: 0.12.11 (/opt/ros/humble/share/ament_lint_auto/cmake)
[1.297s] -- Added test 'copyright' to check source files copyright and LICENSE
[1.310s] -- Added test 'cppcheck' to perform static code analysis on C / C++ code
[1.311s] -- Configured cppcheck include dirs: 
[1.311s] -- Configured cppcheck exclude dirs and/or files: 
[1.311s] -- Added test 'cpplint' to check C / C++ code against the Google style
[1.311s] -- Configured cpplint exclude dirs and/or files: 
[1.311s] -- Added test 'flake8' to check Python code syntax and style conventions
[1.311s] -- Added test 'lint_cmake' to check CMake code style
[1.312s] -- Added test 'pep257' to check Python code against some of the docstring style conventions in PEP 257
[1.317s] -- Added test 'uncrustify' to check C / C++ code style
[1.317s] -- Configured uncrustify additional arguments: 
[1.318s] -- Added test 'xmllint' to check XML markup files
[1.323s] -- Configuring done
[1.325s] -- Generating done
[1.328s] -- Build files have been written to: /home/morlab/dev_ws/src/arty_bot/build/my_bot
[1.335s] Invoked command in '/home/morlab/dev_ws/src/arty_bot/build/my_bot' returned '0': CMAKE_PREFIX_PATH=${CMAKE_PREFIX_PATH}:/home/morlab/ros2_ws/install/my_py_pkg:/opt/ros/humble /usr/bin/cmake /home/morlab/dev_ws/src/arty_bot -DCMAKE_INSTALL_PREFIX=/home/morlab/dev_ws/src/arty_bot/install/my_bot
[1.335s] Invoking command in '/home/morlab/dev_ws/src/arty_bot/build/my_bot': CMAKE_PREFIX_PATH=${CMAKE_PREFIX_PATH}:/home/morlab/ros2_ws/install/my_py_pkg:/opt/ros/humble /usr/bin/cmake --build /home/morlab/dev_ws/src/arty_bot/build/my_bot -- -j4 -l4
[1.392s] Invoked command in '/home/morlab/dev_ws/src/arty_bot/build/my_bot' returned '0': CMAKE_PREFIX_PATH=${CMAKE_PREFIX_PATH}:/home/morlab/ros2_ws/install/my_py_pkg:/opt/ros/humble /usr/bin/cmake --build /home/morlab/dev_ws/src/arty_bot/build/my_bot -- -j4 -l4
[1.406s] Invoking command in '/home/morlab/dev_ws/src/arty_bot/build/my_bot': CMAKE_PREFIX_PATH=${CMAKE_PREFIX_PATH}:/home/morlab/ros2_ws/install/my_py_pkg:/opt/ros/humble /usr/bin/cmake --install /home/morlab/dev_ws/src/arty_bot/build/my_bot
[1.415s] -- Install configuration: ""
[1.415s] -- Installing: /home/morlab/dev_ws/src/arty_bot/install/my_bot/share/my_bot/config
[1.415s] -- Installing: /home/morlab/dev_ws/src/arty_bot/install/my_bot/share/my_bot/config/empty.yaml
[1.418s] -- Installing: /home/morlab/dev_ws/src/arty_bot/install/my_bot/share/my_bot/description
[1.418s] -- Installing: /home/morlab/dev_ws/src/arty_bot/install/my_bot/share/my_bot/description/robot.urdf.xacro
[1.419s] -- Installing: /home/morlab/dev_ws/src/arty_bot/install/my_bot/share/my_bot/launch
[1.420s] -- Installing: /home/morlab/dev_ws/src/arty_bot/install/my_bot/share/my_bot/launch/rsp.launch.py
[1.420s] -- Installing: /home/morlab/dev_ws/src/arty_bot/install/my_bot/share/my_bot/worlds
[1.420s] -- Installing: /home/morlab/dev_ws/src/arty_bot/install/my_bot/share/my_bot/worlds/empty.world
[1.421s] -- Installing: /home/morlab/dev_ws/src/arty_bot/install/my_bot/share/ament_index/resource_index/package_run_dependencies/my_bot
[1.422s] -- Installing: /home/morlab/dev_ws/src/arty_bot/install/my_bot/share/ament_index/resource_index/parent_prefix_path/my_bot
[1.422s] -- Installing: /home/morlab/dev_ws/src/arty_bot/install/my_bot/share/my_bot/environment/ament_prefix_path.sh
[1.422s] -- Installing: /home/morlab/dev_ws/src/arty_bot/install/my_bot/share/my_bot/environment/ament_prefix_path.dsv
[1.423s] -- Installing: /home/morlab/dev_ws/src/arty_bot/install/my_bot/share/my_bot/environment/path.sh
[1.423s] -- Installing: /home/morlab/dev_ws/src/arty_bot/install/my_bot/share/my_bot/environment/path.dsv
[1.423s] -- Installing: /home/morlab/dev_ws/src/arty_bot/install/my_bot/share/my_bot/local_setup.bash
[1.423s] -- Installing: /home/morlab/dev_ws/src/arty_bot/install/my_bot/share/my_bot/local_setup.sh
[1.423s] -- Installing: /home/morlab/dev_ws/src/arty_bot/install/my_bot/share/my_bot/local_setup.zsh
[1.423s] -- Installing: /home/morlab/dev_ws/src/arty_bot/install/my_bot/share/my_bot/local_setup.dsv
[1.423s] -- Installing: /home/morlab/dev_ws/src/arty_bot/install/my_bot/share/my_bot/package.dsv
[1.424s] -- Installing: /home/morlab/dev_ws/src/arty_bot/install/my_bot/share/ament_index/resource_index/packages/my_bot
[1.424s] -- Installing: /home/morlab/dev_ws/src/arty_bot/install/my_bot/share/my_bot/cmake/my_botConfig.cmake
[1.424s] -- Installing: /home/morlab/dev_ws/src/arty_bot/install/my_bot/share/my_bot/cmake/my_botConfig-version.cmake
[1.424s] -- Installing: /home/morlab/dev_ws/src/arty_bot/install/my_bot/share/my_bot/package.xml
[1.427s] Invoked command in '/home/morlab/dev_ws/src/arty_bot/build/my_bot' returned '0': CMAKE_PREFIX_PATH=${CMAKE_PREFIX_PATH}:/home/morlab/ros2_ws/install/my_py_pkg:/opt/ros/humble /usr/bin/cmake --install /home/morlab/dev_ws/src/arty_bot/build/my_bot
